[NX Daemon Server] - 2025-06-04T13:39:08.847Z - Started listening on: /tmp/b89c4384a81ef80d7a66/d.sock
[NX Daemon Server] - 2025-06-04T13:39:08.848Z - [WATCHER]: Subscribed to changes within: /home/dev/Desktop/projects/chat (native)
[NX Daemon Server] - 2025-06-04T13:39:08.853Z - Established a connection. Number of open connections: 1
[NX Daemon Server] - 2025-06-04T13:39:08.854Z - Established a connection. Number of open connections: 2
[NX Daemon Server] - 2025-06-04T13:39:08.856Z - Closed a connection. Number of open connections: 1
[NX Daemon Server] - 2025-06-04T13:39:08.856Z - [REQUEST]: Client Request for Project Graph Received
[NX Daemon Server] - 2025-06-04T13:39:09.132Z - [REQUEST]: Updated file-hasher based on watched changes, recomputing project graph...
[NX Daemon Server] - 2025-06-04T13:39:09.132Z - [REQUEST]: 
[NX Daemon Server] - 2025-06-04T13:39:09.132Z - [REQUEST]: 
[NX Daemon Server] - 2025-06-04T13:39:09.629Z - [REQUEST]: Responding to the client. project-graph
[NX Daemon Server] - 2025-06-04T13:39:09.630Z - Time taken for 'total for creating and serializing project graph' 772.826484ms
[NX Daemon Server] - 2025-06-04T13:39:09.631Z - Done responding to the client project-graph
[NX Daemon Server] - 2025-06-04T13:39:09.631Z - Handled REQUEST_PROJECT_GRAPH. Handling time: 773. Response time: 2.
[NX Daemon Server] - 2025-06-04T13:39:09.660Z - Closed a connection. Number of open connections: 0
[NX Daemon Server] - 2025-06-04T13:39:44.648Z - Established a connection. Number of open connections: 1
[NX Daemon Server] - 2025-06-04T13:39:44.648Z - Closed a connection. Number of open connections: 0
[NX Daemon Server] - 2025-06-04T13:39:44.648Z - Established a connection. Number of open connections: 1
[NX Daemon Server] - 2025-06-04T13:39:44.650Z - [REQUEST]: Client Request for Project Graph Received
[NX Daemon Server] - 2025-06-04T13:39:44.650Z - [REQUEST]: Responding to the client. project-graph
[NX Daemon Server] - 2025-06-04T13:39:44.651Z - Time taken for 'total for creating and serializing project graph' 0.40446800000063377ms
[NX Daemon Server] - 2025-06-04T13:39:44.653Z - Done responding to the client project-graph
[NX Daemon Server] - 2025-06-04T13:39:44.653Z - Handled REQUEST_PROJECT_GRAPH. Handling time: 0. Response time: 3.
[NX Daemon Server] - 2025-06-04T13:39:44.661Z - Closed a connection. Number of open connections: 0
[NX Daemon Server] - 2025-06-04T13:40:12.766Z - [WATCHER]: Processing file changes in outputs
[NX Daemon Server] - 2025-06-04T13:40:12.767Z - [WATCHER]: _tmp_236003_61bca3eeafdad92c9ce4ee914714f856 was deleted
[NX Daemon Server] - 2025-06-04T13:40:12.876Z - [REQUEST]: Updated file-hasher based on watched changes, recomputing project graph...
[NX Daemon Server] - 2025-06-04T13:40:12.876Z - [REQUEST]: 
[NX Daemon Server] - 2025-06-04T13:40:12.876Z - [REQUEST]: _tmp_236003_61bca3eeafdad92c9ce4ee914714f856
[NX Daemon Server] - 2025-06-04T13:40:12.888Z - Time taken for 'hash changed files from watcher' 0.19884499999898253ms
[NX Daemon Server] - 2025-06-04T13:40:18.050Z - [WATCHER]: Processing file changes in outputs
[NX Daemon Server] - 2025-06-04T13:40:18.050Z - [WATCHER]: Stopping the watcher for /home/dev/Desktop/projects/chat (sources)
[NX Daemon Server] - 2025-06-04T13:40:18.050Z - [WATCHER]: Stopping the watcher for /home/dev/Desktop/projects/chat (outputs)
[NX Daemon Server] - 2025-06-04T13:40:18.050Z - Server stopped because: "Lock file changed"
